<?xml version="1.0" encoding="UTF-8"?>
<!-- Generated by org.testng.reporters.JUnitReportReporter -->
<testsuite hostname="DESKTOP-IRSEGA7" failures="0" tests="4" name="inlink_APIs.Getfeed_API" time="4.240" errors="0" timestamp="2023-07-12T18:13:07 IST" skipped="0">
  <testcase classname="inlink_APIs.Getfeed_API" name="Getfeeds" time="1.825"/>
  <system-out/>
  <testcase classname="inlink_APIs.Getfeed_API" name="CreateUser" time="1.437"/>
  <system-out/>
  <testcase classname="inlink_APIs.Getfeed_API" name="updateUser" time="0.505"/>
  <system-out/>
  <testcase classname="inlink_APIs.Getfeed_API" name="DeleteUser" time="0.473"/>
  <system-out/>
</testsuite> <!-- inlink_APIs.Getfeed_API -->
